<?xml version="1.0" encoding="UTF-8"?>
<!-- Generated by org.testng.reporters.JUnitReportReporter -->
<testsuite skipped="0" hostname="DESKTOP-U9PHO9F" name="udemyTutorial.PetarProject.ValidateNavigationBar" tests="1" failures="0" timestamp="2021-12-09T20:55:24 CET" time="0.392" errors="0">
  <testcase name="basePageNavigation" time="0.392" classname="udemyTutorial.PetarProject.ValidateNavigationBar"/>
  <system-out/>
</testsuite> <!-- udemyTutorial.PetarProject.ValidateNavigationBar -->
