<?xml version="1.0" encoding="UTF-8"?>
<!-- Generated by org.testng.reporters.JUnitReportReporter -->
<testsuite skipped="0" hostname="DESKTOP-U9PHO9F" name="udemyTutorial.PetarProject.HomePage" tests="2" failures="0" timestamp="2021-12-11T15:18:00 CET" time="15.394" errors="0">
  <testcase name="basePageNavigation" time="5.359" classname="udemyTutorial.PetarProject.HomePage"/>
  <system-out/>
  <testcase name="basePageNavigation" time="10.035" classname="udemyTutorial.PetarProject.HomePage"/>
  <system-out/>
</testsuite> <!-- udemyTutorial.PetarProject.HomePage -->
